<?xml version="1.0" encoding="UTF-8"?>
<!-- Generated by org.testng.reporters.JUnitXMLReporter -->
<testsuite hostname="DESKTOP-S2ELRE8" ignored="0" name="BankingApp Test" tests="2" failures="0" timestamp="30 Dec 2018 04:25:32 GMT" time="38.47" errors="0">
  <testcase name="loginTest" time="2.459" classname="com.inetbanking.testCases.TC_LoginTest_001"/>
  <testcase name="addNewCustomer" time="19.107" classname="com.inetbanking.testCases.TC_AddCustomerTest_003"/>
</testsuite> <!-- BankingApp Test -->
