<?xml version="1.0" encoding="UTF-8"?>
<testng-results skipped="0" failed="0" ignored="0" total="2" passed="2">
  <reporter-output>
  </reporter-output>
  <suite name="InetBankingV1" duration-ms="38470" started-at="2018-12-30T04:24:53Z" finished-at="2018-12-30T04:25:32Z">
    <groups>
    </groups>
    <test name="BankingApp Test" duration-ms="38470" started-at="2018-12-30T04:24:53Z" finished-at="2018-12-30T04:25:32Z">
      <class name="com.inetbanking.testCases.TC_LoginTest_001">
        <test-method status="PASS" signature="setup(java.lang.String)[pri:0, instance:com.inetbanking.testCases.TC_LoginTest_001@5442a311]" name="setup" is-config="true" duration-ms="8011" started-at="2018-12-30T04:24:54Z" finished-at="2018-12-30T04:25:02Z">
          <params>
            <param index="0">
              <value>
                <![CDATA[chrome]]>
              </value>
            </param>
          </params>
          <reporter-output>
          </reporter-output>
        </test-method> <!-- setup -->
        <test-method status="PASS" signature="loginTest()[pri:0, instance:com.inetbanking.testCases.TC_LoginTest_001@5442a311]" name="loginTest" duration-ms="2459" started-at="2018-12-30T04:25:02Z" finished-at="2018-12-30T04:25:04Z">
          <reporter-output>
          </reporter-output>
        </test-method> <!-- loginTest -->
        <test-method status="PASS" signature="tearDown()[pri:0, instance:com.inetbanking.testCases.TC_LoginTest_001@5442a311]" name="tearDown" is-config="true" duration-ms="664" started-at="2018-12-30T04:25:04Z" finished-at="2018-12-30T04:25:05Z">
          <reporter-output>
          </reporter-output>
        </test-method> <!-- tearDown -->
      </class> <!-- com.inetbanking.testCases.TC_LoginTest_001 -->
      <class name="com.inetbanking.testCases.TC_AddCustomerTest_003">
        <test-method status="PASS" signature="setup(java.lang.String)[pri:0, instance:com.inetbanking.testCases.TC_AddCustomerTest_003@548e7350]" name="setup" is-config="true" duration-ms="7140" started-at="2018-12-30T04:25:05Z" finished-at="2018-12-30T04:25:12Z">
          <params>
            <param index="0">
              <value>
                <![CDATA[chrome]]>
              </value>
            </param>
          </params>
          <reporter-output>
          </reporter-output>
        </test-method> <!-- setup -->
        <test-method status="PASS" signature="addNewCustomer()[pri:0, instance:com.inetbanking.testCases.TC_AddCustomerTest_003@548e7350]" name="addNewCustomer" duration-ms="19107" started-at="2018-12-30T04:25:12Z" finished-at="2018-12-30T04:25:31Z">
          <reporter-output>
          </reporter-output>
        </test-method> <!-- addNewCustomer -->
        <test-method status="PASS" signature="tearDown()[pri:0, instance:com.inetbanking.testCases.TC_AddCustomerTest_003@548e7350]" name="tearDown" is-config="true" duration-ms="701" started-at="2018-12-30T04:25:31Z" finished-at="2018-12-30T04:25:32Z">
          <reporter-output>
          </reporter-output>
        </test-method> <!-- tearDown -->
      </class> <!-- com.inetbanking.testCases.TC_AddCustomerTest_003 -->
    </test> <!-- BankingApp Test -->
  </suite> <!-- InetBankingV1 -->
</testng-results>
